-------------------------------------------------------------------
         SDDP.jl (c) Oscar Dowson and contributors, 2017-23
-------------------------------------------------------------------
problem
  nodes           : 4
  state variables : 1440
  scenarios       : 1.60000e+01
  existing cuts   : false
options
  solver          : serial mode
  risk measure    : SDDP.Expectation()
  sampling scheme : SDDP.InSampleMonteCarlo
subproblem structure
  VariableRef                             : [3097, 3097]
  AffExpr in MOI.EqualTo{Float64}         : [144, 144]
  AffExpr in MOI.GreaterThan{Float64}     : [72, 72]
  AffExpr in MOI.LessThan{Float64}        : [156, 156]
  VariableRef in MOI.GreaterThan{Float64} : [1584, 1585]
  VariableRef in MOI.Integer              : [144, 144]
  VariableRef in MOI.LessThan{Float64}    : [1, 1]
  VariableRef in MOI.ZeroOne              : [1440, 1440]
numerical stability report
  matrix range     [5e-02, 5e+02]
  objective range  [1e+00, 8e+02]
  bounds range     [2e+05, 2e+05]
  rhs range        [5e-01, 2e+02]
-------------------------------------------------------------------
 iteration    simulation      bound        time (s)     solves  pid
-------------------------------------------------------------------
         1L  1.771300e+05  2.506793e+05  2.339822e+01        12   1
         4L  2.006100e+05  2.118025e+05  2.975122e+01        48   1
         7L  1.889100e+05  2.052144e+05  3.699586e+01        84   1
         9L  1.869400e+05  2.038141e+05  4.250764e+01       108   1
        12L  1.893900e+05  2.015740e+05  4.870468e+01       144   1
        15L  1.847800e+05  2.010407e+05  5.579890e+01       180   1
        17L  2.049900e+05  2.008128e+05  6.125112e+01       204   1
        19L  1.916800e+05  2.004086e+05  6.671584e+01       228   1
        22L  1.916700e+05  2.003157e+05  7.390333e+01       264   1
        25L  2.036000e+05  2.002141e+05  8.153712e+01       300   1
        27L  2.045200e+05  2.001774e+05  8.707895e+01       324   1
        30L  1.907100e+05  2.001064e+05  9.440900e+01       360   1
        32L  2.032700e+05  2.000312e+05  9.970675e+01       384   1
        34L  1.896600e+05  1.999998e+05  1.053058e+02       408   1
        36L  2.044800e+05  1.999865e+05  1.113402e+02       432   1
        38L  1.896200e+05  1.999774e+05  1.170819e+02       456   1
        48L  1.892900e+05  1.998717e+05  1.480948e+02       576   1
        57L  2.046600e+05  1.997866e+05  1.782121e+02       684   1
        66L  1.885300e+05  1.997078e+05  2.097576e+02       792   1
        75L  1.914000e+05  1.995963e+05  2.428100e+02       900   1
        83L  2.053900e+05  1.995531e+05  2.729997e+02       996   1
        93L  1.892200e+05  1.995109e+05  3.052458e+02      1116   1
       101L  1.896400e+05  1.994852e+05  3.358857e+02      1212   1
       109L  1.907500e+05  1.994827e+05  3.679038e+02      1308   1
       116L  1.906300e+05  1.994641e+05  3.984850e+02      1392   1
       123L  1.907600e+05  1.994548e+05  4.304223e+02      1476   1
       130L  1.922200e+05  1.994469e+05  4.629888e+02      1560   1
       137L  1.919500e+05  1.994469e+05  4.949764e+02      1644   1
       144L  2.040500e+05  1.994326e+05  5.254903e+02      1728   1
       151L  1.919300e+05  1.994204e+05  5.584837e+02      1812   1
       158L  2.042300e+05  1.994225e+05  5.921779e+02      1896   1
       160L  2.040800e+05  1.994205e+05  6.036366e+02      1920   1
-------------------------------------------------------------------
status         : time_limit
total time (s) : 6.036366e+02
total solves   : 1920
best bound     :  1.994205e+05
simulation ci  :  1.971621e+05 ± 1.612499e+03
numeric issues : 0
-------------------------------------------------------------------

 ────────────────────────────────────────────────────────────────────────────────
                                        Time                    Allocations      
                               ───────────────────────   ────────────────────────
       Tot / % measured:             610s /  98.4%           22.4GiB /  99.5%    

 Section               ncalls     time    %tot     avg     alloc    %tot      avg
 ────────────────────────────────────────────────────────────────────────────────
 backward_pass            160     533s   88.8%   3.33s   21.3GiB   95.4%   136MiB
   solve_subproblem       960     521s   86.9%   543ms   20.7GiB   92.9%  22.1MiB
     get_dual_solution    960     441s   73.4%   459ms   20.0GiB   89.8%  21.4MiB
   prepare_backward...    320   32.4ms    0.0%   101μs    726KiB    0.0%  2.27KiB
 forward_pass             160    54.2s    9.0%   339ms    826MiB    3.6%  5.16MiB
   solve_subproblem       640    53.3s    8.9%  83.3ms    725MiB    3.2%  1.13MiB
     get_dual_solution    640    408ms    0.1%   637μs   39.3MiB    0.2%  62.8KiB
   sample_scenario        160    200ms    0.0%  1.25ms   14.6MiB    0.1%  93.5KiB
 calculate_bound          160    13.1s    2.2%  81.6ms    230MiB    1.0%  1.44MiB
   get_dual_solution      320   1.97ms    0.0%  6.17μs    175KiB    0.0%     560B
 ────────────────────────────────────────────────────────────────────────────────

-------------------------------------------------------------------
         SDDP.jl (c) Oscar Dowson and contributors, 2017-23
-------------------------------------------------------------------
problem
  nodes           : 4
  state variables : 1440
  scenarios       : 1.60000e+01
  existing cuts   : false
options
  solver          : serial mode
  risk measure    : SDDP.Expectation()
  sampling scheme : SDDP.InSampleMonteCarlo
subproblem structure
  VariableRef                             : [3097, 3097]
  AffExpr in MOI.EqualTo{Float64}         : [144, 144]
  AffExpr in MOI.GreaterThan{Float64}     : [72, 72]
  AffExpr in MOI.LessThan{Float64}        : [156, 156]
  VariableRef in MOI.GreaterThan{Float64} : [1584, 1585]
  VariableRef in MOI.Integer              : [144, 144]
  VariableRef in MOI.LessThan{Float64}    : [1, 1]
  VariableRef in MOI.ZeroOne              : [1440, 1440]
numerical stability report
  matrix range     [5e-02, 5e+02]
  objective range  [1e+00, 8e+02]
  bounds range     [2e+05, 2e+05]
  rhs range        [5e-01, 2e+02]
-------------------------------------------------------------------
 iteration    simulation      bound        time (s)     solves  pid
-------------------------------------------------------------------
         1L  1.805800e+05  2.603084e+05  2.533848e+01        12   1
         4L  2.017300e+05  2.137516e+05  3.066936e+01        48   1
         7L  1.908000e+05  2.085855e+05  3.777818e+01        84   1
        10L  1.995700e+05  2.059371e+05  4.551085e+01       120   1
        13L  2.047500e+05  2.051031e+05  5.295341e+01       156   1
        16L  2.071300e+05  2.046216e+05  6.017192e+01       192   1
-------------------------------------------------------------------
status         : time_limit
total time (s) : 6.017192e+01
total solves   : 192
best bound     :  2.046216e+05
simulation ci  :  1.928994e+05 ± 1.030022e+04
numeric issues : 0
-------------------------------------------------------------------

 ────────────────────────────────────────────────────────────────────────────────
                                        Time                    Allocations      
                               ───────────────────────   ────────────────────────
       Tot / % measured:            66.0s /  86.6%           2.98GiB /  96.2%    

 Section               ncalls     time    %tot     avg     alloc    %tot      avg
 ────────────────────────────────────────────────────────────────────────────────
 backward_pass             16    44.9s   78.6%   2.81s   2.50GiB   86.9%   160MiB
   solve_subproblem        96    36.9s   64.6%   385ms   2.10GiB   73.3%  22.5MiB
     get_dual_solution     96    31.4s   54.9%   327ms   2.03GiB   70.8%  21.7MiB
   prepare_backward...     32   38.5ms    0.1%  1.20ms    681KiB    0.0%  21.3KiB
 forward_pass              16    11.6s   20.3%   726ms    361MiB   12.3%  22.6MiB
   solve_subproblem        64    10.4s   18.2%   163ms    308MiB   10.5%  4.82MiB
     get_dual_solution     64    647ms    1.1%  10.1ms   38.9MiB    1.3%   622KiB
   sample_scenario         16    301ms    0.5%  18.8ms   14.5MiB    0.5%   927KiB
 calculate_bound           16    638ms    1.1%  39.9ms   23.0MiB    0.8%  1.44MiB
   get_dual_solution       32    166μs    0.0%  5.18μs   17.5KiB    0.0%     560B
 ────────────────────────────────────────────────────────────────────────────────

-------------------------------------------------------------------
         SDDP.jl (c) Oscar Dowson and contributors, 2017-23
-------------------------------------------------------------------
problem
  nodes           : 4
  state variables : 1440
  scenarios       : 1.60000e+01
  existing cuts   : false
options
  solver          : serial mode
  risk measure    : SDDP.Expectation()
  sampling scheme : SDDP.InSampleMonteCarlo
subproblem structure
  VariableRef                             : [3097, 3097]
  AffExpr in MOI.EqualTo{Float64}         : [144, 144]
  AffExpr in MOI.GreaterThan{Float64}     : [72, 72]
  AffExpr in MOI.LessThan{Float64}        : [156, 156]
  VariableRef in MOI.GreaterThan{Float64} : [1584, 1585]
  VariableRef in MOI.Integer              : [144, 144]
  VariableRef in MOI.LessThan{Float64}    : [1, 1]
  VariableRef in MOI.ZeroOne              : [1440, 1440]
numerical stability report
  matrix range     [5e-02, 5e+02]
  objective range  [1e+00, 8e+02]
  bounds range     [2e+05, 2e+05]
  rhs range        [5e-01, 2e+02]
-------------------------------------------------------------------
 iteration    simulation      bound        time (s)     solves  pid
-------------------------------------------------------------------
         1L  1.940500e+05  2.293228e+05  2.260727e+01        12   1
         4L  1.953500e+05  2.087063e+05  2.872867e+01        48   1
         7L  1.959500e+05  2.061641e+05  3.595743e+01        84   1
        10L  1.986200e+05  2.056301e+05  4.275805e+01       120   1
        13L  1.997000e+05  2.048510e+05  4.888525e+01       156   1
        16L  2.002000e+05  2.042442e+05  5.461174e+01       192   1
        19L  1.997200e+05  2.039757e+05  6.185272e+01       228   1
-------------------------------------------------------------------
status         : time_limit
total time (s) : 6.185272e+01
total solves   : 228
best bound     :  2.039757e+05
simulation ci  :  1.955574e+05 ± 6.194807e+03
numeric issues : 0
-------------------------------------------------------------------

 ────────────────────────────────────────────────────────────────────────────────
                                        Time                    Allocations      
                               ───────────────────────   ────────────────────────
       Tot / % measured:            68.2s /  86.3%           3.39GiB /  96.7%    

 Section               ncalls     time    %tot     avg     alloc    %tot      avg
 ────────────────────────────────────────────────────────────────────────────────
 backward_pass             19    47.3s   80.4%   2.49s   2.89GiB   88.1%   156MiB
   solve_subproblem       114    41.9s   71.1%   367ms   2.49GiB   76.1%  22.4MiB
     get_dual_solution    114    35.3s   60.0%   310ms   2.41GiB   73.5%  21.6MiB
   prepare_backward...     38   29.4ms    0.0%   774μs    681KiB    0.0%  17.9KiB
 forward_pass              19    10.7s   18.2%   565ms    371MiB   11.1%  19.5MiB
   solve_subproblem        76    10.0s   17.0%   131ms    317MiB    9.4%  4.17MiB
     get_dual_solution     76    444ms    0.8%  5.85ms   38.9MiB    1.2%   524KiB
   sample_scenario         19    243ms    0.4%  12.8ms   14.5MiB    0.4%   780KiB
 calculate_bound           19    805ms    1.4%  42.4ms   27.4MiB    0.8%  1.44MiB
   get_dual_solution       38    198μs    0.0%  5.20μs   20.8KiB    0.0%     560B
 ────────────────────────────────────────────────────────────────────────────────

